{"/sitedentista/godaddy/spec/index.spec.js":{"path":"/sitedentista/godaddy/spec/index.spec.js","s":{"1":1,"2":1,"3":1,"4":1,"5":1,"6":1,"7":1,"8":1,"9":1,"10":1,"11":1,"12":1,"13":1,"14":1,"15":1,"16":1,"17":1,"18":1,"19":1,"20":1,"21":1,"22":1,"23":1,"24":1,"25":1,"26":1,"27":1,"28":1,"29":1,"30":1,"31":1,"32":1,"33":1,"34":1,"35":1,"36":1,"37":1,"38":1,"39":1,"40":1,"41":1,"42":1,"43":1,"44":1},"b":{},"f":{"1":1},"fnMap":{"1":{"name":"ErrorHandler","line":16,"loc":{"start":{"line":16,"column":0},"end":{"line":16,"column":28}}}},"statementMap":{"1":{"start":{"line":3,"column":0},"end":{"line":3,"column":31}},"2":{"start":{"line":4,"column":0},"end":{"line":4,"column":37}},"3":{"start":{"line":5,"column":0},"end":{"line":5,"column":34}},"4":{"start":{"line":6,"column":0},"end":{"line":6,"column":30}},"5":{"start":{"line":7,"column":0},"end":{"line":7,"column":27}},"6":{"start":{"line":8,"column":0},"end":{"line":8,"column":31}},"7":{"start":{"line":9,"column":0},"end":{"line":9,"column":36}},"8":{"start":{"line":10,"column":0},"end":{"line":14,"column":3}},"9":{"start":{"line":16,"column":0},"end":{"line":19,"column":1}},"10":{"start":{"line":17,"column":2},"end":{"line":17,"column":40}},"11":{"start":{"line":18,"column":2},"end":{"line":18,"column":13}},"12":{"start":{"line":21,"column":0},"end":{"line":29,"column":2}},"13":{"start":{"line":22,"column":2},"end":{"line":28,"column":5}},"14":{"start":{"line":23,"column":4},"end":{"line":27,"column":5}},"15":{"start":{"line":24,"column":6},"end":{"line":24,"column":28}},"16":{"start":{"line":26,"column":6},"end":{"line":26,"column":36}},"17":{"start":{"line":31,"column":0},"end":{"line":109,"column":3}},"18":{"start":{"line":33,"column":2},"end":{"line":108,"column":5}},"19":{"start":{"line":35,"column":4},"end":{"line":59,"column":7}},"20":{"start":{"line":36,"column":6},"end":{"line":42,"column":8}},"21":{"start":{"line":44,"column":6},"end":{"line":46,"column":30}},"22":{"start":{"line":48,"column":6},"end":{"line":58,"column":29}},"23":{"start":{"line":52,"column":10},"end":{"line":52,"column":59}},"24":{"start":{"line":54,"column":10},"end":{"line":54,"column":36}},"25":{"start":{"line":56,"column":10},"end":{"line":56,"column":17}},"26":{"start":{"line":61,"column":4},"end":{"line":78,"column":7}},"27":{"start":{"line":62,"column":6},"end":{"line":64,"column":7}},"28":{"start":{"line":66,"column":6},"end":{"line":68,"column":30}},"29":{"start":{"line":70,"column":6},"end":{"line":77,"column":29}},"30":{"start":{"line":75,"column":10},"end":{"line":75,"column":54}},"31":{"start":{"line":80,"column":4},"end":{"line":85,"column":7}},"32":{"start":{"line":81,"column":6},"end":{"line":81,"column":33}},"33":{"start":{"line":82,"column":6},"end":{"line":82,"column":43}},"34":{"start":{"line":84,"column":6},"end":{"line":84,"column":39}},"35":{"start":{"line":87,"column":4},"end":{"line":103,"column":7}},"36":{"start":{"line":88,"column":6},"end":{"line":88,"column":31}},"37":{"start":{"line":89,"column":6},"end":{"line":89,"column":21}},"38":{"start":{"line":90,"column":6},"end":{"line":90,"column":43}},"39":{"start":{"line":92,"column":6},"end":{"line":94,"column":24}},"40":{"start":{"line":96,"column":6},"end":{"line":102,"column":29}},"41":{"start":{"line":99,"column":10},"end":{"line":99,"column":80}},"42":{"start":{"line":100,"column":10},"end":{"line":100,"column":17}},"43":{"start":{"line":105,"column":4},"end":{"line":107,"column":7}},"44":{"start":{"line":106,"column":6},"end":{"line":106,"column":29}}},"branchMap":{}},"/sitedentista/godaddy/index.js":{"path":"/sitedentista/godaddy/index.js","s":{"1":1,"2":1,"3":1,"4":1,"5":2,"6":1,"7":1,"8":1,"9":1,"10":1,"11":1,"12":1,"13":1,"14":1,"15":1,"16":1,"17":1,"18":1},"b":{},"f":{"1":2,"2":1,"3":1,"4":1},"fnMap":{"1":{"name":"(anonymous_1)","line":9,"loc":{"start":{"line":9,"column":13},"end":{"line":9,"column":22}}},"2":{"name":"(anonymous_2)","line":13,"loc":{"start":{"line":13,"column":11},"end":{"line":13,"column":24}}},"3":{"name":"(anonymous_3)","line":30,"loc":{"start":{"line":30,"column":17},"end":{"line":30,"column":25}}},"4":{"name":"(anonymous_4)","line":40,"loc":{"start":{"line":40,"column":19},"end":{"line":40,"column":28}}}},"statementMap":{"1":{"start":{"line":3,"column":0},"end":{"line":3,"column":41}},"2":{"start":{"line":4,"column":0},"end":{"line":4,"column":33}},"3":{"start":{"line":5,"column":0},"end":{"line":5,"column":29}},"4":{"start":{"line":6,"column":0},"end":{"line":6,"column":29}},"5":{"start":{"line":10,"column":4},"end":{"line":10,"column":25}},"6":{"start":{"line":14,"column":4},"end":{"line":19,"column":7}},"7":{"start":{"line":21,"column":4},"end":{"line":25,"column":7}},"8":{"start":{"line":22,"column":6},"end":{"line":24,"column":23}},"9":{"start":{"line":23,"column":8},"end":{"line":23,"column":65}},"10":{"start":{"line":27,"column":4},"end":{"line":27,"column":19}},"11":{"start":{"line":31,"column":4},"end":{"line":35,"column":7}},"12":{"start":{"line":37,"column":4},"end":{"line":37,"column":24}},"13":{"start":{"line":41,"column":4},"end":{"line":45,"column":7}},"14":{"start":{"line":46,"column":4},"end":{"line":50,"column":6}},"15":{"start":{"line":47,"column":6},"end":{"line":49,"column":23}},"16":{"start":{"line":48,"column":8},"end":{"line":48,"column":32}},"17":{"start":{"line":52,"column":4},"end":{"line":52,"column":19}},"18":{"start":{"line":56,"column":0},"end":{"line":58,"column":1}}},"branchMap":{}},"/sitedentista/godaddy/config.js":{"path":"/sitedentista/godaddy/config.js","s":{"1":1,"2":1,"3":1,"4":1},"b":{},"f":{},"fnMap":{},"statementMap":{"1":{"start":{"line":1,"column":0},"end":{"line":1,"column":31}},"2":{"start":{"line":2,"column":0},"end":{"line":16,"column":2}},"3":{"start":{"line":18,"column":0},"end":{"line":18,"column":56}},"4":{"start":{"line":20,"column":0},"end":{"line":20,"column":24}}},"branchMap":{}},"/sitedentista/godaddy/util.js":{"path":"/sitedentista/godaddy/util.js","s":{"1":1,"2":1,"3":4,"4":4,"5":4,"6":1},"b":{"1":[4,4]},"f":{"1":4},"fnMap":{"1":{"name":"applyAuth","line":5,"loc":{"start":{"line":5,"column":0},"end":{"line":5,"column":28}}}},"statementMap":{"1":{"start":{"line":3,"column":0},"end":{"line":3,"column":33}},"2":{"start":{"line":5,"column":0},"end":{"line":11,"column":1}},"3":{"start":{"line":6,"column":2},"end":{"line":6,"column":42}},"4":{"start":{"line":8,"column":2},"end":{"line":8,"column":76}},"5":{"start":{"line":10,"column":2},"end":{"line":10,"column":17}},"6":{"start":{"line":13,"column":0},"end":{"line":15,"column":1}}},"branchMap":{"1":{"line":6,"type":"binary-expr","locations":[{"start":{"line":6,"column":20},"end":{"line":6,"column":35}},{"start":{"line":6,"column":39},"end":{"line":6,"column":41}}]}}},"/sitedentista/godaddy/lang.js":{"path":"/sitedentista/godaddy/lang.js","s":{"1":1,"2":1,"3":1},"b":{},"f":{},"fnMap":{},"statementMap":{"1":{"start":{"line":1,"column":0},"end":{"line":1,"column":33}},"2":{"start":{"line":2,"column":0},"end":{"line":2,"column":54}},"3":{"start":{"line":4,"column":0},"end":{"line":4,"column":22}}},"branchMap":{}},"/sitedentista/godaddy/spec/lang.spec.js":{"path":"/sitedentista/godaddy/spec/lang.spec.js","s":{"1":1,"2":1,"3":1,"4":1,"5":1,"6":1,"7":1},"b":{},"f":{},"fnMap":{},"statementMap":{"1":{"start":{"line":3,"column":0},"end":{"line":3,"column":31}},"2":{"start":{"line":4,"column":0},"end":{"line":4,"column":34}},"3":{"start":{"line":5,"column":0},"end":{"line":5,"column":55}},"4":{"start":{"line":7,"column":0},"end":{"line":13,"column":3}},"5":{"start":{"line":8,"column":2},"end":{"line":12,"column":5}},"6":{"start":{"line":9,"column":4},"end":{"line":9,"column":41}},"7":{"start":{"line":11,"column":4},"end":{"line":11,"column":20}}},"branchMap":{}},"/sitedentista/godaddy/spec/util.spec.js":{"path":"/sitedentista/godaddy/spec/util.spec.js","s":{"1":1,"2":1,"3":1,"4":1,"5":1,"6":1,"7":1,"8":1},"b":{},"f":{},"fnMap":{},"statementMap":{"1":{"start":{"line":3,"column":0},"end":{"line":3,"column":31}},"2":{"start":{"line":4,"column":0},"end":{"line":4,"column":34}},"3":{"start":{"line":5,"column":0},"end":{"line":5,"column":30}},"4":{"start":{"line":7,"column":0},"end":{"line":16,"column":3}},"5":{"start":{"line":9,"column":2},"end":{"line":15,"column":5}},"6":{"start":{"line":10,"column":4},"end":{"line":10,"column":21}},"7":{"start":{"line":12,"column":4},"end":{"line":12,"column":28}},"8":{"start":{"line":14,"column":4},"end":{"line":14,"column":91}}},"branchMap":{}}}