TN:
SF:/sitedentista/godaddy/spec/index.spec.js
FN:16,ErrorHandler
FNF:1
FNH:1
FNDA:1,ErrorHandler
DA:3,1
DA:4,1
DA:5,1
DA:6,1
DA:7,1
DA:8,1
DA:9,1
DA:10,1
DA:16,1
DA:17,1
DA:18,1
DA:21,1
DA:22,1
DA:23,1
DA:24,1
DA:26,1
DA:31,1
DA:33,1
DA:35,1
DA:36,1
DA:44,1
DA:48,1
DA:52,1
DA:54,1
DA:56,1
DA:61,1
DA:62,1
DA:66,1
DA:70,1
DA:75,1
DA:80,1
DA:81,1
DA:82,1
DA:84,1
DA:87,1
DA:88,1
DA:89,1
DA:90,1
DA:92,1
DA:96,1
DA:99,1
DA:100,1
DA:105,1
DA:106,1
LF:44
LH:44
BRF:0
BRH:0
end_of_record
TN:
SF:/sitedentista/godaddy/index.js
FN:9,(anonymous_1)
FN:13,(anonymous_2)
FN:30,(anonymous_3)
FN:40,(anonymous_4)
FNF:4
FNH:4
FNDA:2,(anonymous_1)
FNDA:1,(anonymous_2)
FNDA:1,(anonymous_3)
FNDA:1,(anonymous_4)
DA:3,1
DA:4,1
DA:5,1
DA:6,1
DA:10,2
DA:14,1
DA:21,1
DA:22,1
DA:23,1
DA:27,1
DA:31,1
DA:37,1
DA:41,1
DA:46,1
DA:47,1
DA:48,1
DA:52,1
DA:56,1
LF:18
LH:18
BRF:0
BRH:0
end_of_record
TN:
SF:/sitedentista/godaddy/config.js
FNF:0
FNH:0
DA:1,1
DA:2,1
DA:18,1
DA:20,1
LF:4
LH:4
BRF:0
BRH:0
end_of_record
TN:
SF:/sitedentista/godaddy/util.js
FN:5,applyAuth
FNF:1
FNH:1
FNDA:4,applyAuth
DA:3,1
DA:5,1
DA:6,4
DA:8,4
DA:10,4
DA:13,1
LF:6
LH:6
BRDA:6,1,0,4
BRDA:6,1,1,4
BRF:2
BRH:2
end_of_record
TN:
SF:/sitedentista/godaddy/lang.js
FNF:0
FNH:0
DA:1,1
DA:2,1
DA:4,1
LF:3
LH:3
BRF:0
BRH:0
end_of_record
TN:
SF:/sitedentista/godaddy/spec/lang.spec.js
FNF:0
FNH:0
DA:3,1
DA:4,1
DA:5,1
DA:7,1
DA:8,1
DA:9,1
DA:11,1
LF:7
LH:7
BRF:0
BRH:0
end_of_record
TN:
SF:/sitedentista/godaddy/spec/util.spec.js
FNF:0
FNH:0
DA:3,1
DA:4,1
DA:5,1
DA:7,1
DA:9,1
DA:10,1
DA:12,1
DA:14,1
LF:8
LH:8
BRF:0
BRH:0
end_of_record
